[0.014s] Invoking command in '/home/zaynap/grab/grab2/build/grab2_planner': CMAKE_PREFIX_PATH=/home/zaynap/grab/grab2/install/grab2_ros_common:/home/zaynap/grab/grab2/install/grab2_msgs:/home/zaynap/grab/grab2/install/grab2_controller:/home/zaynap/grab/grab2/install/topic_based_ros2_control:/home/zaynap/grab/grab2/install/grab2_planner:/home/zaynap/grab/grab2/install/grab2_grasp_generator:/home/zaynap/grab/grab2/install/grab2_behavior_tree:/home/zaynap/grab/grab2/install/btcpp_ros2_samples:/home/zaynap/grab/grab2/install/behaviortree_ros2:/home/zaynap/grab/grab2/install/btcpp_ros2_interfaces:/home/zaynap/grab/grab2/install/grab2_curobo_planner:/opt/ros/humble LD_LIBRARY_PATH=/home/zaynap/grab/grab2/install/grab2_msgs/lib:/home/zaynap/grab/grab2/install/topic_based_ros2_control/lib:/home/zaynap/grab/grab2/install/grab2_planner/lib:/home/zaynap/grab/grab2/install/grab2_grasp_generator/lib:/home/zaynap/grab/grab2/install/grab2_behavior_tree/lib:/home/zaynap/grab/grab2/install/behaviortree_ros2/lib:/home/zaynap/grab/grab2/install/btcpp_ros2_interfaces/lib:/usr/lib/x86_64-linux-gnu/gazebo-11/plugins:/opt/ros/humble/opt/rviz_ogre_vendor/lib:/opt/ros/humble/lib/x86_64-linux-gnu:/opt/ros/humble/lib /usr/bin/cmake --build /home/zaynap/grab/grab2/build/grab2_planner -- -j8 -l8
[0.061s] [35m[1mConsolidate compiler generated dependencies of target planner_server_core[0m
[0.089s] [ 25%] [32mBuilding CXX object CMakeFiles/planner_server_core.dir/src/planner_server.cpp.o[0m
[4.886s] [01m[K/home/zaynap/grab/grab2/grab2_planner/src/planner_server.cpp:[m[K In member function â€˜[01m[Kvoid grab2_planner::PlannerServer::computePlanThroughPoses(std::shared_ptr<rclcpp_action::ServerGoalHandle<grab2_msgs::action::ComputePlanThroughPoses> >)[m[Kâ€™:
[4.886s] [01m[K/home/zaynap/grab/grab2/grab2_planner/src/planner_server.cpp:114:23:[m[K [01;31m[Kerror: [m[Kcannot convert â€˜[01m[Krclcpp_action::ServerGoalHandleBase::is_active[m[Kâ€™ from type â€˜[01m[Kbool (rclcpp_action::ServerGoalHandleBase::)() const[m[Kâ€™ to type â€˜[01m[Kbool[m[Kâ€™
[4.886s]   114 |     if (!goal_handle->[01;31m[Kis_active[m[K) {
[4.886s]       |                       [01;31m[K^~~~~~~~~[m[K
[4.887s] [01m[K/home/zaynap/grab/grab2/grab2_planner/src/planner_server.cpp:114:23:[m[K [01;31m[Kerror: [m[Kin argument to unary !
[4.887s]   114 |     if (![01;31m[Kgoal_handle->is_active[m[K) {
[4.887s]       |          [01;31m[K~~~~~~~~~~~~~^~~~~~~~~[m[K
[4.890s] [01m[K/home/zaynap/grab/grab2/grab2_planner/src/planner_server.cpp:167:23:[m[K [01;31m[Kerror: [m[Kcannot convert â€˜[01m[Krclcpp_action::ServerGoalHandleBase::is_active[m[Kâ€™ from type â€˜[01m[Kbool (rclcpp_action::ServerGoalHandleBase::)() const[m[Kâ€™ to type â€˜[01m[Kbool[m[Kâ€™
[4.890s]   167 |     if (!goal_handle->[01;31m[Kis_active[m[K) {
[4.890s]       |                       [01;31m[K^~~~~~~~~[m[K
[4.890s] [01m[K/home/zaynap/grab/grab2/grab2_planner/src/planner_server.cpp:167:23:[m[K [01;31m[Kerror: [m[Kin argument to unary !
[4.890s]   167 |     if (![01;31m[Kgoal_handle->is_active[m[K) {
[4.890s]       |          [01;31m[K~~~~~~~~~~~~~^~~~~~~~~[m[K
[7.831s] gmake[2]: *** [CMakeFiles/planner_server_core.dir/build.make:76: CMakeFiles/planner_server_core.dir/src/planner_server.cpp.o] Error 1
[7.831s] gmake[1]: *** [CMakeFiles/Makefile2:139: CMakeFiles/planner_server_core.dir/all] Error 2
[7.831s] gmake: *** [Makefile:146: all] Error 2
[7.833s] Invoked command in '/home/zaynap/grab/grab2/build/grab2_planner' returned '2': CMAKE_PREFIX_PATH=/home/zaynap/grab/grab2/install/grab2_ros_common:/home/zaynap/grab/grab2/install/grab2_msgs:/home/zaynap/grab/grab2/install/grab2_controller:/home/zaynap/grab/grab2/install/topic_based_ros2_control:/home/zaynap/grab/grab2/install/grab2_planner:/home/zaynap/grab/grab2/install/grab2_grasp_generator:/home/zaynap/grab/grab2/install/grab2_behavior_tree:/home/zaynap/grab/grab2/install/btcpp_ros2_samples:/home/zaynap/grab/grab2/install/behaviortree_ros2:/home/zaynap/grab/grab2/install/btcpp_ros2_interfaces:/home/zaynap/grab/grab2/install/grab2_curobo_planner:/opt/ros/humble LD_LIBRARY_PATH=/home/zaynap/grab/grab2/install/grab2_msgs/lib:/home/zaynap/grab/grab2/install/topic_based_ros2_control/lib:/home/zaynap/grab/grab2/install/grab2_planner/lib:/home/zaynap/grab/grab2/install/grab2_grasp_generator/lib:/home/zaynap/grab/grab2/install/grab2_behavior_tree/lib:/home/zaynap/grab/grab2/install/behaviortree_ros2/lib:/home/zaynap/grab/grab2/install/btcpp_ros2_interfaces/lib:/usr/lib/x86_64-linux-gnu/gazebo-11/plugins:/opt/ros/humble/opt/rviz_ogre_vendor/lib:/opt/ros/humble/lib/x86_64-linux-gnu:/opt/ros/humble/lib /usr/bin/cmake --build /home/zaynap/grab/grab2/build/grab2_planner -- -j8 -l8
